<?xml version="1.0" ?>
<testsuite errors="0" failures="0" name="testapp.tests.SimpleTest" tests="2" time="0.007">
	<testcase classname="testapp.tests.SimpleTest" name="test_basic_addition" time="0.004"/>
	<testcase classname="testapp.tests.SimpleTest" name="test_hello_world" time="0.004"/>
	<system-out/>
	<system-err/>
</testsuite>
